C51 COMPILER V9.51   VOICE                                                                 12/17/2014 15:14:13 PAGE 1   


C51 COMPILER V9.51, COMPILATION OF MODULE VOICE
OBJECT MODULE PLACED IN .\voice.obj
COMPILER INVOKED BY: D:\Program Files (x86)\keil\C51\BIN\C51.EXE ..\Library\voice.c COMPACT BROWSE INCDIR(..\Library) DE
                    -BUG OBJECTEXTEND PRINT(.\voice.lst) OBJECT(.\voice.obj)

line level    source

   1          /*---------------------------------------------------
   2                  voice.c (v1.00)
   3                  通用语音文件
   4          ---------------------------------------------------*/
   5          
   6          #include "main.h"
   7          #include "port.h"
   8          
   9          #include "voice.h"
  10          #include "Delay.h"
  11          #include "communication.h"
  12          
  13          /*------ private variable --------------------------*/
  14          tByte key_rotate_on_speech_number = 1;          // 循环报两段开机语音
  15             
  16          /*--------------------------------------------------
  17                  SC_Speech()
  18                  按段数发送脉冲，即可报第几段语音。
  19          ---------------------------------------------------*/
  20          void SC_Speech(tByte cnt)
  21                  {
  22   1              tByte i;
  23   1              SC_RST = 0;
  24   1              delay_ms(100);
  25   1              SC_RST = 1;
  26   1              delay_ms(150);
  27   1              for(i=0; i < cnt; i++)
  28   1                      {
  29   2                      SC_DATA = 1; 
  30   2                      delay_us(20);
  31   2                      SC_DATA = 0; 
  32   2                      delay_us(20);
  33   2                      }
  34   1              }
  35          
  36          /*-------------------------------------------------
  37                  noVoice()
  38                  在上电的时候调用，屏蔽语音的误报
  39          --------------------------------------------------*/
  40          void noVoice()
  41                  {
  42   1              P14=0;
  43   1              SC_DATA = 0;
  44   1              SC_RST = 0;
  45   1              delay_us(350); 
  46   1              SC_RST = 1;
  47   1              delay_us(350);
  48   1              P14 = 1;
  49   1              }
  50          
  51          /*----------------------------------------------------
  52                  key_rotate_on_speech()
  53                  钥匙旋转至ON后，语音提示
  54          -----------------------------------------------------*/
C51 COMPILER V9.51   VOICE                                                                 12/17/2014 15:14:13 PAGE 2   

  55          void key_rotate_on_speech(void)
  56                  {
  57   1              switch(key_rotate_on_speech_number)
  58   1                      {
  59   2                      case 1:
  60   2                              {
  61   3                              voice_EN = 1;
  62   3                              SC_Speech(14);  
  63   3                              Delay(45);
  64   3                              SC_Speech(18);  
  65   3                              Delay(50);
  66   3                              SC_Speech(11);  
  67   3                              Delay(70);
  68   3                              voice_EN = 0;
  69   3                              key_rotate_on_speech_number = 2;
  70   3                              }
  71   2                      break;
  72   2                      
  73   2                      case 2:
  74   2                              {
  75   3                              voice_EN = 1;
  76   3                              SC_Speech(14);  
  77   3                              Delay(40);
  78   3                              SC_Speech(12);  
  79   3                              Delay(60);
  80   3                              voice_EN = 0;
  81   3                              key_rotate_on_speech_number = 1;                        
  82   3                              }
  83   2                      break;
  84   2                      }
  85   1              }
  86                  
  87          /*-----------------------------------------------------
  88                  key_rotate_off_speech()
  89                  钥匙旋转到OFF后，语音提示
  90          void key_rotate_off_speech(void)
  91                  {
  92                  voice_EN = 1;
  93                  SC_Speech(13);
  94                  Delay(40);
  95                  voice_EN = 0;
  96                  }
  97          ------------------------------------------------------*/
  98          
  99          /*----------------------------------------------------
 100                  motorBAT_low_speech()
 101                  主机电瓶电量低于最小限定值，语音提示电量不足。
 102          -----------------------------------------------------*/
 103          void motorBAT_low_speech(void)
 104                  {
 105   1              voice_EN = 1;
 106   1              SC_Speech(6);
 107   1              Delay(80);
 108   1              voice_EN = 0;
 109   1              }
 110          
 111          /*----------------------------------------------------
 112                  ID_speech()
 113                  第一次碰主机，会有一句提示语音
 114          --------------------------------------------------------*/
 115          void ID_speech(void)
 116                  {
C51 COMPILER V9.51   VOICE                                                                 12/17/2014 15:14:13 PAGE 3   

 117   1              voice_EN = 1;
 118   1              SC_Speech(6);  
 119   1              Delay(2);
 120   1              voice_EN = 0;
 121   1              }
 122          
 123          /*----------------------------------------------------
 124                  host_touch_speech()
 125                  第一次碰主机，会有一句提示语音
 126          --------------------------------------------------------*/
 127          void host_touch_speech(void)
 128                  {
 129   1              voice_EN = 1;
 130   1              SC_Speech(2);  
 131   1              Delay(90);
 132   1              voice_EN = 0;
 133   1              Delay(30);
 134   1              }
 135          
 136          /*-----------------------------------------------------
 137                  host_2ndtouch_speech()
 138                  第二次触碰主机，再报一个提示语音
 139          -------------------------------------------------------*/
 140          void host_2ndtouch_speech(void)
 141                  {
 142   1              voice_EN = 1;
 143   1              SC_Speech(27);  
 144   1              Delay(140);
 145   1              voice_EN = 0;
 146   1      //      Delay(10);
 147   1              }
 148                  
 149          /*----------------------------------------------------
 150                  stolen_alarm_speech()
 151                  判断为被盗的时候，发出报警语音第一段
 152          ----------------------------------------------------*/
 153          void stolen_alarm_speech1(void)
 154                  {
 155   1              voice_EN = 1;
 156   1              SC_Speech(3); 
 157   1              Delay(180);
 158   1              voice_EN = 0; 
 159   1              }
 160          
 161          /*----------------------------------------------------
 162                  stolen_alarm_speech()
 163                  判断为被盗的时候，发出报警语音第二段
 164          ----------------------------------------------------*/
 165           void stolen_alarm_speech2(void)
 166                  {
 167   1              voice_EN = 1;
 168   1              SC_Speech(22); 
 169   1              Delay(180);
 170   1              voice_EN = 0;
 171   1              Delay(20);
 172   1              }
 173          
 174          /*----------------------------------------------------
 175                  open_lock_speech()
 176                  附机在主机附近，通过认证后，语音提示
 177          -----------------------------------------------------*/
 178          void open_lock_speech(void)
C51 COMPILER V9.51   VOICE                                                                 12/17/2014 15:14:13 PAGE 4   

 179                  {
 180   1              voice_EN=1;
 181   1              SC_Speech(23); 
 182   1              Delay(60);
 183   1              voice_EN=0;
 184   1              }
 185          
 186          /*----------------------------------------------------
 187                  close_lock_speech()
 188                  判断附机离开，语音提示
 189          -----------------------------------------------------*/
 190          void close_lock_speech(void)
 191                  {
 192   1              voice_EN = 1;
 193   1              SC_Speech(24);  
 194   1              Delay(60);
 195   1              SC_Speech(13);
 196   1              Delay(70);
 197   1              voice_EN = 0;
 198   1              }
 199          
 200          /*----------------------------------------------------
 201                  battery_stolen_speech()
 202                  主机检测到电平不在时，语音提示电平被盗
 203          -----------------------------------------------------*/
 204          void battery_stolen_speech(void)
 205                  {
 206   1              voice_EN = 1;
 207   1              SC_Speech(19);  
 208   1              Delay(80);
 209   1              voice_EN = 0;
 210   1              }
 211          
 212          /*----------------------------------------------------
 213                  Cutting_Wire_Voice()
 214                  有人剪断锁线的时候，播报的语音
 215          -----------------------------------------------------*/
 216          void Cutting_Wire_Voice(void)
 217                  {
 218   1              voice_EN = 1;
 219   1              SC_Speech(20);  
 220   1              Delay(120);
 221   1              voice_EN = 0;
 222   1              }
 223          
 224          /*----------------------------------------------------
 225                  Product_Test_Voice()
 226                  测试程序中的语音提示
 227          -----------------------------------------------------*/
 228          void Product_Test_Voice(void)
 229                  {
 230   1              voice_EN = 1;
 231   1              SC_Speech(19);  
 232   1              Delay(150);
 233   1              voice_EN = 0;
 234   1              }
 235          
 236          /*---------------------------------------------------------------
 237                  Battery_low_alarm_speech()
 238                  用于附机，当电池电量低于一定值，语音提示
 239          ----------------------------------------------------------------*/
 240          void Battery_low_alarm_speech(void)
C51 COMPILER V9.51   VOICE                                                                 12/17/2014 15:14:13 PAGE 5   

 241                  {
 242   1              voice_EN = 1;
 243   1              SC_Speech(9);
 244   1              Delay(120);
 245   1              voice_EN = 0;
 246   1              }
 247          
 248          /*---------------------------------------------------------------
 249                  Battery_high_alarm_speech()
 250                  用于附机，电量高于一定值的时候，语音提示
 251          ----------------------------------------------------------------*/
 252          void Battery_high_alarm_speech(void)
 253                  {
 254   1              voice_EN = 1;
 255   1              SC_Speech(14);
 256   1              Delay(120);
 257   1              voice_EN = 0;
 258   1              }
 259          
 260          /*-------------------------------------------------------------
 261                  Alarm_stolen_speech()
 262                  用于附机，主机被盗报警
 263          ---------------------------------------------------------------*/
 264          void Alarm_stolen_speech(void)
 265                  {
 266   1              voice_EN = 1;
 267   1              SC_Speech(4);
 268   1              Delay(150);
 269   1              voice_EN = 0;
 270   1              }
 271                  
 272          /*--------------------------------------------------------------
 273                  Alarm_raised_speech()
 274                  用于附机，主机被抬起报警
 275          ---------------------------------------------------------------*/
 276          void Alarm_raised_speech(void)
 277                  {
 278   1              voice_EN = 1;
 279   1              SC_Speech(3);
 280   1              Delay(140);
 281   1              voice_EN = 0;
 282   1              }
 283                  
 284          /*--------------------------------------------------------------
 285                  Alarm_fell_speech()
 286                  用于附机，主机倒地报警
 287          ----------------------------------------------------------------*/
 288          void Alarm_fell_speech(void)
 289                  {
 290   1              voice_EN = 1;
 291   1              SC_Speech(2);
 292   1              Delay(120);
 293   1              voice_EN = 0;
 294   1              }
 295                  
 296          /*---------------------------------------------------------------
 297                  Host_battery_high_alarm_speech()
 298                  用于附机，主机电量充满提示
 299          ---------------------------------------------------------------*/
 300          void Host_battery_high_alarm_speech(void)
 301                  {
 302   1              voice_EN = 1;
C51 COMPILER V9.51   VOICE                                                                 12/17/2014 15:14:13 PAGE 6   

 303   1              SC_Speech(7);  
 304   1              Delay(80);
 305   1              voice_EN = 0;
 306   1              }
 307          
 308          /*---------------------------------------------------------------
 309                  battery_stolen_speech_F3()
 310                  用于附机，主机电池被盗报警
 311          ---------------------------------------------------------------*/
 312          void battery_stolen_speech_F3(void)
 313                  {
 314   1              voice_EN = 1;
 315   1              SC_Speech(11);  
 316   1              Delay(50);
 317   1              voice_EN = 0;
 318   1              }
 319                  
 320          /*---------------------------------------------------------------
 321                  wire_broken_speech(void)
 322                  用于附机，主机锁线被剪断报警
 323          ----------------------------------------------------------------*/
 324          void wire_broken_speech(void)
 325                  {
 326   1              voice_EN = 1;
 327   1              SC_Speech(15);  
 328   1              Delay(50);
 329   1              voice_EN = 0;   
 330   1              }
 331          
 332          /*---------------------------------------------------------------
 333                  lock_rotated_on_speech(void)
 334                  用于附机，主机锁线被剪断报警
 335          ----------------------------------------------------------------*/
 336          void lock_rotated_on_speech(void)
 337                  {
 338   1              voice_EN = 1;
 339   1              SC_Speech(12);  
 340   1              Delay(80);
 341   1              voice_EN = 0;   
 342   1              }
 343          /*---------------------------------------------------------------
 344                  lock_rotated_off_speech(void)
 345                  用于附机，主机锁线被剪断报警
 346          ----------------------------------------------------------------*/
 347          void lock_rotated_off_speech(void)
 348                  {
 349   1              voice_EN = 1;
 350   1              SC_Speech(13);  
 351   1              Delay(80);
 352   1              voice_EN = 0;   
 353   1              }
 354          
 355          /*---------------------------------------------------
 356                  end of file
 357          ----------------------------------------------------*/


MODULE INFORMATION:   STATIC OVERLAYABLE
   CODE SIZE        =    492    ----
   CONSTANT SIZE    =   ----    ----
   XDATA SIZE       =   ----    ----
   PDATA SIZE       =      1       2
C51 COMPILER V9.51   VOICE                                                                 12/17/2014 15:14:13 PAGE 7   

   DATA SIZE        =   ----    ----
   IDATA SIZE       =   ----    ----
   BIT SIZE         =   ----    ----
END OF MODULE INFORMATION.


C51 COMPILATION COMPLETE.  0 WARNING(S),  0 ERROR(S)
