C51 COMPILER V9.51   VOICE                                                                 12/22/2014 11:22:26 PAGE 1   


C51 COMPILER V9.51, COMPILATION OF MODULE VOICE
OBJECT MODULE PLACED IN .\voice.obj
COMPILER INVOKED BY: D:\Program Files (x86)\keil\C51\BIN\C51.EXE ..\Library\voice.c COMPACT ROM(COMPACT) BROWSE INCDIR(.
                    -.\Library) DEBUG OBJECTEXTEND PRINT(.\voice.lst) TABS(3) OBJECT(.\voice.obj)

line level    source

   1          /*---------------------------------------------------
   2             voice.c (v1.00)
   3             通用语音文件
   4          ---------------------------------------------------*/
   5          
   6          #include "main.h"
   7          #include "port.h"
   8          
   9          #include "voice.h"
  10          #include "Delay.h"
  11          #include "communication.h"
  12          
  13          /*------ private variable --------------------------*/
  14          tByte key_rotate_on_speech_number = 1;    // 循环报两段开机语音
  15          
  16          extern bit flashing_flag;
  17             
  18          /*--------------------------------------------------
  19             SC_Speech()
  20             按段数发送脉冲，即可报第几段语音。
  21          ---------------------------------------------------*/
  22          void SC_Speech(tByte cnt)
  23             {
  24   1         tByte i;
  25   1         SC_RST = 0;
  26   1         delay_ms(100);
  27   1         SC_RST = 1;
  28   1         delay_ms(150);
  29   1         for(i=0; i < cnt; i++)
  30   1            {
  31   2            SC_DATA = 1; 
  32   2            delay_us(20);
  33   2            SC_DATA = 0; 
  34   2            delay_us(20);
  35   2            }
  36   1         }
  37          
  38          /*-------------------------------------------------
  39             noVoice()
  40             在上电的时候调用，屏蔽语音的误报
  41          --------------------------------------------------*/
  42          void noVoice()
  43             {
  44   1         P14=0;
  45   1         SC_DATA = 0;
  46   1         SC_RST = 0;
  47   1         delay_us(350); 
  48   1         SC_RST = 1;
  49   1         delay_us(350);
  50   1         P14 = 1;
  51   1         }
  52          
  53          /*----------------------------------------------------
  54             key_rotate_on_speech()
C51 COMPILER V9.51   VOICE                                                                 12/22/2014 11:22:26 PAGE 2   

  55             钥匙旋转至ON后，语音提示
  56          -----------------------------------------------------*/
  57          void key_rotate_on_speech(void)
  58             {
  59   1         switch(key_rotate_on_speech_number)
  60   1            {
  61   2            case 1:
  62   2               {
  63   3               voice_EN = 1;
  64   3               SC_Speech(14);  
  65   3               Delay(45);
  66   3               SC_Speech(18);  
  67   3               Delay(50);
  68   3               SC_Speech(11);  
  69   3               Delay(70);
  70   3               voice_EN = 0;
  71   3               key_rotate_on_speech_number = 2;
  72   3               }
  73   2            break;
  74   2            
  75   2            case 2:
  76   2               {
  77   3               voice_EN = 1;
  78   3               SC_Speech(14);  
  79   3               Delay(40);
  80   3               SC_Speech(12);  
  81   3               Delay(60);
  82   3               voice_EN = 0;
  83   3               key_rotate_on_speech_number = 1;       
  84   3               }
  85   2            break;
  86   2            }
  87   1         }
  88             
  89          /*-----------------------------------------------------
  90             key_rotate_off_speech()
  91             钥匙旋转到OFF后，语音提示
  92          void key_rotate_off_speech(void)
  93             {
  94             voice_EN = 1;
  95             SC_Speech(13);
  96             Delay(40);
  97             voice_EN = 0;
  98             }
  99          ------------------------------------------------------*/
 100          
 101          /*----------------------------------------------------
 102             motorBAT_low_speech()
 103             主机电瓶电量低于最小限定值，语音提示电量不足。
 104          -----------------------------------------------------*/
 105          void motorBAT_low_speech(void)
 106             {
 107   1         voice_EN = 1;
 108   1         SC_Speech(6);
 109   1         Delay(80);
 110   1         voice_EN = 0;
 111   1         }
 112          
 113          /*----------------------------------------------------
 114             ID_speech()
 115             第一次碰主机，会有一句提示语音
 116          --------------------------------------------------------*/
C51 COMPILER V9.51   VOICE                                                                 12/22/2014 11:22:26 PAGE 3   

 117          void ID_speech(void)
 118             {
 119   1         voice_EN = 1;
 120   1         SC_Speech(6);  
 121   1         Delay_10ms();
 122   1         Delay_10ms();
 123   1         Delay_10ms();
 124   1         voice_EN = 0;
 125   1         }
 126          
 127          /*----------------------------------------------------
 128             Self_learn_speech()
 129             第一次碰主机，会有一句提示语音
 130          --------------------------------------------------------*/
 131          void Self_learn_speech(void)
 132             {
 133   1         ID_speech();
 134   1         Delay(10);
 135   1         ID_speech();
 136   1         flashing_flag = 0;
 137   1         }
 138          
 139          /*----------------------------------------------------
 140             host_touch_speech()
 141             第一次碰主机，会有一句提示语音
 142          --------------------------------------------------------*/
 143          void host_touch_speech(void)
 144             {
 145   1         voice_EN = 1;
 146   1         SC_Speech(2);  
 147   1         Delay(90);
 148   1         voice_EN = 0;
 149   1         Delay(30);
 150   1         }
 151          
 152          /*-----------------------------------------------------
 153             host_2ndtouch_speech()
 154             第二次触碰主机，再报一个提示语音
 155          -------------------------------------------------------*/
 156          void host_2ndtouch_speech(void)
 157             {
 158   1         voice_EN = 1;
 159   1         SC_Speech(27);  
 160   1         Delay(140);
 161   1         voice_EN = 0;
 162   1      // Delay(10);
 163   1         }
 164             
 165          /*----------------------------------------------------
 166             stolen_alarm_speech()
 167             判断为被盗的时候，发出报警语音第一段
 168          ----------------------------------------------------*/
 169          void stolen_alarm_speech1(void)
 170             {
 171   1         voice_EN = 1;
 172   1         SC_Speech(3); 
 173   1         Delay(180);
 174   1         voice_EN = 0; 
 175   1         }
 176          
 177          /*----------------------------------------------------
 178             stolen_alarm_speech()
C51 COMPILER V9.51   VOICE                                                                 12/22/2014 11:22:26 PAGE 4   

 179             判断为被盗的时候，发出报警语音第二段
 180          ----------------------------------------------------*/
 181           void stolen_alarm_speech2(void)
 182             {
 183   1         voice_EN = 1;
 184   1         SC_Speech(22); 
 185   1         Delay(180);
 186   1         voice_EN = 0;
 187   1         Delay(20);
 188   1         }
 189          
 190          /*----------------------------------------------------
 191             open_lock_speech()
 192             附机在主机附近，通过认证后，语音提示
 193          -----------------------------------------------------*/
 194          void open_lock_speech(void)
 195             {
 196   1         voice_EN=1;
 197   1         SC_Speech(23); 
 198   1         Delay(60);
 199   1         voice_EN=0;
 200   1         }
 201          
 202          /*----------------------------------------------------
 203             close_lock_speech()
 204             判断附机离开，语音提示
 205          -----------------------------------------------------*/
 206          void close_lock_speech(void)
 207             {
 208   1         voice_EN = 1;
 209   1         SC_Speech(24);  
 210   1         Delay(60);
 211   1         SC_Speech(13);
 212   1         Delay(70);
 213   1         voice_EN = 0;
 214   1         }
 215          
 216          /*----------------------------------------------------
 217             battery_stolen_speech()
 218             主机检测到电平不在时，语音提示电平被盗
 219          -----------------------------------------------------*/
 220          void battery_stolen_speech(void)
 221             {
 222   1         voice_EN = 1;
 223   1         SC_Speech(19);  
 224   1         Delay(80);
 225   1         voice_EN = 0;
 226   1         }
 227          
 228          /*----------------------------------------------------
 229             Cutting_Wire_Voice()
 230             有人剪断锁线的时候，播报的语音
 231          -----------------------------------------------------*/
 232          void Cutting_Wire_Voice(void)
 233             {
 234   1         voice_EN = 1;
 235   1         SC_Speech(20);  
 236   1         Delay(120);
 237   1         voice_EN = 0;
 238   1         }
 239          
 240          /*----------------------------------------------------
C51 COMPILER V9.51   VOICE                                                                 12/22/2014 11:22:26 PAGE 5   

 241             Product_Test_Voice()
 242             测试程序中的语音提示
 243          -----------------------------------------------------*/
 244          void Product_Test_Voice(void)
 245             {
 246   1         voice_EN = 1;
 247   1         SC_Speech(19);  
 248   1         Delay(150);
 249   1         voice_EN = 0;
 250   1         }
 251          
 252          /*---------------------------------------------------------------
 253             Battery_low_alarm_speech()
 254             用于附机，当电池电量低于一定值，语音提示
 255          ----------------------------------------------------------------*/
 256          void Battery_low_alarm_speech(void)
 257             {
 258   1         voice_EN = 1;
 259   1         SC_Speech(9);
 260   1         Delay(120);
 261   1         voice_EN = 0;
 262   1         }
 263          
 264          /*---------------------------------------------------------------
 265             Battery_high_alarm_speech()
 266             用于附机，电量高于一定值的时候，语音提示
 267          ----------------------------------------------------------------*/
 268          void Battery_high_alarm_speech(void)
 269             {
 270   1         voice_EN = 1;
 271   1         SC_Speech(14);
 272   1         Delay(120);
 273   1         voice_EN = 0;
 274   1         }
 275          
 276          /*-------------------------------------------------------------
 277             Alarm_stolen_speech()
 278             用于附机，主机被盗报警
 279          ---------------------------------------------------------------*/
 280          void Alarm_stolen_speech(void)
 281             {
 282   1         voice_EN = 1;
 283   1         SC_Speech(4);
 284   1         Delay(150);
 285   1         voice_EN = 0;
 286   1         }
 287             
 288          /*--------------------------------------------------------------
 289             Alarm_raised_speech()
 290             用于附机，主机被抬起报警
 291          ---------------------------------------------------------------*/
 292          void Alarm_raised_speech(void)
 293             {
 294   1         voice_EN = 1;
 295   1         SC_Speech(3);
 296   1         Delay(140);
 297   1         voice_EN = 0;
 298   1         }
 299             
 300          /*--------------------------------------------------------------
 301             Alarm_fell_speech()
 302             用于附机，主机倒地报警
C51 COMPILER V9.51   VOICE                                                                 12/22/2014 11:22:26 PAGE 6   

 303          ----------------------------------------------------------------*/
 304          void Alarm_fell_speech(void)
 305             {
 306   1         voice_EN = 1;
 307   1         SC_Speech(2);
 308   1         Delay(120);
 309   1         voice_EN = 0;
 310   1         }
 311             
 312          /*---------------------------------------------------------------
 313             Host_battery_high_alarm_speech()
 314             用于附机，主机电量充满提示
 315          ---------------------------------------------------------------*/
 316          void Host_battery_high_alarm_speech(void)
 317             {
 318   1         voice_EN = 1;
 319   1         SC_Speech(7);  
 320   1         Delay(80);
 321   1         voice_EN = 0;
 322   1         }
 323          
 324          /*---------------------------------------------------------------
 325             battery_stolen_speech_F3()
 326             用于附机，主机电池被盗报警
 327          ---------------------------------------------------------------*/
 328          void battery_stolen_speech_F3(void)
 329             {
 330   1         voice_EN = 1;
 331   1         SC_Speech(11);  
 332   1         Delay(50);
 333   1         voice_EN = 0;
 334   1         }
 335             
 336          /*---------------------------------------------------------------
 337             wire_broken_speech(void)
 338             用于附机，主机锁线被剪断报警
 339          ----------------------------------------------------------------*/
 340          void wire_broken_speech(void)
 341             {
 342   1         voice_EN = 1;
 343   1         SC_Speech(15);  
 344   1         Delay(50);
 345   1         voice_EN = 0;  
 346   1         }
 347          
 348          /*---------------------------------------------------------------
 349             lock_rotated_on_speech(void)
 350             用于附机，主机锁线被剪断报警
 351          ----------------------------------------------------------------*/
 352          void lock_rotated_on_speech(void)
 353             {
 354   1         voice_EN = 1;
 355   1         SC_Speech(12);  
 356   1         Delay(80);
 357   1         voice_EN = 0;  
 358   1         }
 359          /*---------------------------------------------------------------
 360             lock_rotated_off_speech(void)
 361             用于附机，主机锁线被剪断报警
 362          ----------------------------------------------------------------*/
 363          void lock_rotated_off_speech(void)
 364             {
C51 COMPILER V9.51   VOICE                                                                 12/22/2014 11:22:26 PAGE 7   

 365   1         voice_EN = 1;
 366   1         SC_Speech(13);  
 367   1         Delay(80);
 368   1         voice_EN = 0;  
 369   1         }
 370          
 371          /*---------------------------------------------------
 372             end of file
 373          ----------------------------------------------------*/


MODULE INFORMATION:   STATIC OVERLAYABLE
   CODE SIZE        =    510    ----
   CONSTANT SIZE    =   ----    ----
   XDATA SIZE       =   ----    ----
   PDATA SIZE       =      1       2
   DATA SIZE        =   ----    ----
   IDATA SIZE       =   ----    ----
   BIT SIZE         =   ----    ----
END OF MODULE INFORMATION.


C51 COMPILATION COMPLETE.  0 WARNING(S),  0 ERROR(S)
