C51 COMPILER V9.51   OTHER                                                                 08/16/2014 14:14:28 PAGE 1   


C51 COMPILER V9.51, COMPILATION OF MODULE OTHER
OBJECT MODULE PLACED IN .\Other.obj
COMPILER INVOKED BY: D:\Program Files (x86)\keil\C51\BIN\C51.EXE ..\Library\Other.c BROWSE INCDIR(..\Library) DEBUG OBJE
                    -CTEXTEND PRINT(.\Other.lst) OBJECT(.\Other.obj)

line level    source

   1          /*---------------------------------------------------
   2                  Other.c (v1.00)
   3                  
   4                  其他程序
   5          ---------------------------------------------------*/
   6          
   7          #include "main.h"
   8          #include "port.h"
   9          
  10          #include "Other.h"
  11          #include "Delay.h"
  12          #include "communication.h"
  13          
  14          /*------- Public variable declarations --------------------------*/
  15          extern bit position_sensor_EN;                  
  16          extern bit fell_flag;                                           
  17          extern bit raised_flag;                                 
  18          extern tByte sensor_trigger_count;      
  19          extern tByte sensor_1ststage_count;     
  20          extern tWord sensor_3rdstage_time;                      
  21          extern tByte sensor_3rdstage_effcount;          
  22          extern tByte sensor_3rdstage_count;                     
  23          extern tWord sensor_3rdstage_interval;          
  24          extern tWord sensor_2ndstage_time;              
  25          extern tByte sensor_2ndstage_count;             
  26          extern bit stolen_alarm_flag;                                   
  27          extern bit host_stolen_alarm1_EN;      
  28          extern bit host_stolen_alarm2_EN;     
  29          extern tByte host_stolen_alarm1_count;          
  30          extern tByte host_stolen_alarm2_count;  
  31          extern bit raised_fell_flag;                                    
  32          extern bit wire_broken_flag;                    
  33          extern tByte wire_broken_count;         
  34          extern bit battery_stolen_EN;                   
  35          extern tByte battery_stolen_count;      
  36          extern bit sensor_EN;
  37          extern tByte enable_sensor_delay_count;         
  38          extern bit enable_sensor_delayEN;
  39          
  40          /*-------------------------------------------------------
  41                  magnet_CW()
  42                  电磁铁正转，顺时针，将锁打开，
  43          --------------------------------------------------------*/
  44          void magnet_CW(void)
  45                  {
  46   1              // 发送开锁密码
  47   1              send_code_to_lock();
  48   1              
  49   1              MagentControl_1 = 0;
  50   1              MagentControl_2 = 1;
  51   1              magnet_delay_CW();
  52   1              MagentControl_1 = 1;
  53   1              MagentControl_2 = 1;
  54   1              motor_lock = 0;
C51 COMPILER V9.51   OTHER                                                                 08/16/2014 14:14:28 PAGE 2   

  55   1              }
  56          
  57          /*-------------------------------------------------------
  58                  magnet_CW_for_Unlock()
  59                  用于DDC-K，电磁铁正转，顺时针，将锁打开
  60          --------------------------------------------------------*/
  61          void magnet_CW_for_Unlock(void)
  62                  {
  63   1              send_code_to_lock_for_Unlock();
  64   1              
  65   1              MagentControl_1 = 1;
  66   1              MagentControl_2 = 0;
  67   1              magnet_delay_for_Unlock();
  68   1              MagentControl_1 = 1;
  69   1              MagentControl_2 = 1;
  70   1              motor_lock = 0;
  71   1              }
  72          
  73          /*-------------------------------------------------------
  74                  magnet_ACW()
  75                  电磁铁反转，逆时针，将锁关闭
  76          --------------------------------------------------------*/
  77          void magnet_ACW(void)
  78                  {
  79   1              motor_lock = 1;
  80   1              MagentControl_1 = 1;
  81   1              MagentControl_2 = 0;
  82   1              magnet_delay_ACW();
  83   1              MagentControl_1 = 1;
  84   1              MagentControl_2 = 1;
  85   1              }
  86                  
  87          /*----------------------------------------------------
  88                  disable_sensor()
  89                  打开振动传感器和三轴传感器，并将其复位
  90          ----------------------------------------------------*/
  91          void disable_sensor(void)
  92                  {
  93   1              // disable position sensor(vertical and horizontal) and vibration sensor
  94   1              position_sensor_EN = 0; 
  95   1              sensor_EN = 0;
  96   1              // reset all the flag in sensor
  97   1              fell_flag=0;  
  98   1              raised_flag=0;
  99   1              sensor_trigger_count = 0;
 100   1              sensor_1ststage_count = 0;
 101   1              sensor_2ndstage_count = 0;
 102   1              sensor_2ndstage_time = 0;
 103   1              sensor_3rdstage_time = 0;
 104   1              sensor_3rdstage_interval = 0;
 105   1              sensor_3rdstage_count = 0;
 106   1              sensor_3rdstage_effcount = 0;
 107   1              stolen_alarm_flag = 0;
 108   1              host_stolen_alarm1_EN = 0;
 109   1              host_stolen_alarm1_count = 0;
 110   1              host_stolen_alarm2_EN = 0;
 111   1              host_stolen_alarm2_count = 0;
 112   1              
 113   1              raised_fell_flag = 0;
 114   1              
 115   1              // reset the wire broken count
 116   1              wire_broken_count = 0;
C51 COMPILER V9.51   OTHER                                                                 08/16/2014 14:14:28 PAGE 3   

 117   1              wire_broken_flag = 0;
 118   1              
 119   1              // reset battery stolen
 120   1              battery_stolen_EN = 0;
 121   1              battery_stolen_count = 0;       
 122   1              }
 123                  
 124          /*--------------------------------------------------------
 125                  enable_sensor()
 126                  打开传感器，使其检测振动
 127          ---------------------------------------------------------*/
 128          void enable_sensor(void)
 129                  {
 130   1              // enable position sensor(vertical and horizontal) and vibration sensor
 131   1              position_sensor_EN = 1; 
 132   1              sensor_EN = 1;
 133   1              // reset relatively sensor count
 134   1              sensor_trigger_count = 0;
 135   1              sensor_1ststage_count = 0;      
 136   1              enable_sensor_delayEN = 0;
 137   1              enable_sensor_delay_count = 0;  
 138   1              }
 139          
 140          /*----------------------------------------------------------------
 141                  Moto_Vibration()
 142                  用于附机，马达振动
 143          -----------------------------------------------------------------*/
 144          void Moto_Vibration(void)
 145                  {
 146   1              Moto_EN=0;                              
 147   1              Delay(10);
 148   1              Moto_EN=1;
 149   1              }
 150                  
 151          /*---------------------------------------------------
 152                  end of file
 153          ----------------------------------------------------*/


MODULE INFORMATION:   STATIC OVERLAYABLE
   CODE SIZE        =    126    ----
   CONSTANT SIZE    =   ----    ----
   XDATA SIZE       =   ----    ----
   PDATA SIZE       =   ----    ----
   DATA SIZE        =   ----    ----
   IDATA SIZE       =   ----    ----
   BIT SIZE         =   ----    ----
END OF MODULE INFORMATION.


C51 COMPILATION COMPLETE.  0 WARNING(S),  0 ERROR(S)
