C51 COMPILER V9.51   DELAY                                                                 12/23/2014 11:16:06 PAGE 1   


C51 COMPILER V9.51, COMPILATION OF MODULE DELAY
OBJECT MODULE PLACED IN .\Delay.obj
COMPILER INVOKED BY: D:\Program Files (x86)\keil\C51\BIN\C51.EXE ..\Library\Delay.c COMPACT BROWSE INCDIR(..\Library) DE
                    -BUG OBJECTEXTEND PRINT(.\Delay.lst) TABS(3) OBJECT(.\Delay.obj)

line level    source

   1          /*---------------------------------------------------
   2             Delay.c (v1.00)
   3             
   4             Delay functions
   5          ---------------------------------------------------*/ 
   6          
   7          #include "main.h"
   8          #include "port.h"
   9          
  10          #include "Delay.h"
  11          
  12          tWord Timeout_loop = 0;
  13          
  14          /*------------------------------------------------------------------*/
  15          void Delay_1ms(void)
  16             {
  17   1         Timeout_loop = LOOP_TIMEOUT_INIT_001ms;
  18   1      
  19   1         // Simple loop timeout...
  20   1         while (++Timeout_loop != 0);
  21   1         }
  22          /*------------------------------------------------------------------*/
  23          void Delay_5ms(void)
  24             {
  25   1         Timeout_loop = LOOP_TIMEOUT_INIT_005ms;
  26   1      
  27   1         // Simple loop timeout...
  28   1         while (++Timeout_loop != 0);
  29   1         }
  30          /*------------------------------------------------------------------*/
  31          void Delay_10ms(void)
  32             {
  33   1         Timeout_loop = LOOP_TIMEOUT_INIT_010ms;
  34   1      
  35   1         // Simple loop timeout...
  36   1         while (++Timeout_loop != 0);
  37   1         }
  38          /*------------------------------------------------------------------*/
  39          void Delay_50ms(void)
  40             {
  41   1         Timeout_loop = LOOP_TIMEOUT_INIT_050ms;
  42   1      
  43   1         // Simple loop timeout...
  44   1         while (++Timeout_loop != 0);
  45   1         }
  46          
  47          /*------------------------------------------------------------------*/
  48          void Delay_500ms(void)
  49             {
  50   1         Timeout_loop = LOOP_TIMEOUT_INIT_500ms;
  51   1      
  52   1         // Simple loop timeout...
  53   1         while (++Timeout_loop != 0);
  54   1         }
C51 COMPILER V9.51   DELAY                                                                 12/23/2014 11:16:06 PAGE 2   

  55          
  56          /*---------------------------------------------------
  57             Delay()
  58             延迟程序
  59          --------------------------------------------------*/
  60          
  61          void Delay(tByte n)
  62             {
  63   1         tWord x;
  64   1         while(n--)
  65   1            {
  66   2            x=5000;
  67   2            while(x--);
  68   2            }
  69   1         }
  70          
  71          /*---------------------------------------------------
  72             Custom_Delay()
  73             延迟程序
  74          --------------------------------------------------*/
  75          void Custom_Delay(tByte t, m)
  76             {
  77   1         tWord i;
  78   1         tByte j;
  79   1         for(i = 0; i < t; i++)     
  80   1         for(j = 0; j < m; j++);
  81   1         }
  82             
  83          /*--------------------------------------------------
  84             delay_ms()
  85             
  86             延迟约为1ms的子程序
  87          ----------------------------------------------------*/
  88          void delay_ms(tWord count)
  89             {
  90   1         tWord i, j;
  91   1         for(i=0;i<count;i++)
  92   1            {  
  93   2            for(j=0;j<100;j++);
  94   2            }
  95   1         }
  96          
  97          /*--------------------------------------------------
  98             delay_us()
  99             
 100             延迟约为1us的子程序
 101          ----------------------------------------------------*/
 102          
 103          void delay_us(tWord count1)
 104             {
 105   1         tWord i;
 106   1         tByte j;
 107   1         for(i=0;i<count1;i++)
 108   1            {
 109   2            for(j=0;j<4;j++);
 110   2            }
 111   1         }
 112          
 113          /*----------------------------------------------------
 114             Magnet_Delay()
 115             电磁铁的延迟程序，要在里面加入对过流的判断
 116          -----------------------------------------------------*/
C51 COMPILER V9.51   DELAY                                                                 12/23/2014 11:16:06 PAGE 3   

 117          void Magnet_Delay(tWord x, y)
 118             {
 119   1         tByte i;
 120   1         tWord j;                                                                                                 
             -       
 121   1         for(i = 0; i < 50; i++)
 122   1            {
 123   2            for(j = 0; j< x; j++);
 124   2            }
 125   1         for(i = 0; i < 50; i++)
 126   1            {
 127   2            // 检测过流保护是否跳转，如果为1，则表明电流过大
 128   2            if(magnet_overcurrent == 0)
 129   2               {
 130   3               for(j = 0; j< y; j++);
 131   3               }
 132   2            else
 133   2               {
 134   3               return;
 135   3               }
 136   2            }
 137   1         }
 138          
 139          
 140          /*---------------------------------------------------
 141             end of file
 142          ----------------------------------------------------*/


MODULE INFORMATION:   STATIC OVERLAYABLE
   CODE SIZE        =    335    ----
   CONSTANT SIZE    =   ----    ----
   XDATA SIZE       =   ----    ----
   PDATA SIZE       =      2       6
   DATA SIZE        =   ----    ----
   IDATA SIZE       =   ----    ----
   BIT SIZE         =   ----    ----
END OF MODULE INFORMATION.


C51 COMPILATION COMPLETE.  0 WARNING(S),  0 ERROR(S)
