C51 COMPILER V9.51   OPERATION                                                             12/23/2014 11:16:06 PAGE 1   


C51 COMPILER V9.51, COMPILATION OF MODULE OPERATION
OBJECT MODULE PLACED IN .\operation.obj
COMPILER INVOKED BY: D:\Program Files (x86)\keil\C51\BIN\C51.EXE ..\Library\operation.c COMPACT BROWSE INCDIR(..\Library
                    -) DEBUG OBJECTEXTEND PRINT(.\operation.lst) TABS(3) OBJECT(.\operation.obj)

line level    source

   1          /*-------------------------------------------------------------
   2             operation.c
   3             各类操作程序
   4          --------------------------------------------------------------*/
   5          
   6          #include "main.h"
   7          #include "port.h"
   8          
   9          #include "operation.h"
  10          #include "other.h"
  11          #include "voice.h"
  12          #include "battery.h"
  13          #include "delay.h"
  14          #include "ElecMotor.h"
  15          
  16          /*------ private variable --------------------------*/
  17          bit enable_sensor_delayEN = 0;      // 延迟使能传感器的使能，不能即时使能传感器，需要过一段时间    
  18          
  19          /*------- Public variable declarations --------------------------*/
  20          extern bit position_sensor_EN;   
  21          extern bit fell_flag;                  
  22          extern bit raised_flag;          
  23          extern tByte sensor_trigger_count;  
  24          extern tByte sensor_1ststage_count; 
  25          extern bit raised_fell_once_flag;         
  26          extern bit raised_fell_flag;              
  27          extern bit host_stolen_alarm1_EN;     
  28          extern bit host_stolen_alarm2_EN;      
  29          extern tByte host_stolen_alarm1_count;    
  30          extern tByte host_stolen_alarm2_count;    
  31          extern bit stolen_alarm_flag;             
  32          extern tWord sensor_3rdstage_time;        
  33          extern tByte sensor_3rdstage_effcount;    
  34          extern tByte sensor_3rdstage_count;       
  35          extern tWord sensor_3rdstage_interval;    
  36          extern tWord sensor_2ndstage_time;     
  37          extern tByte sensor_2ndstage_count;    
  38          extern tWord ADC_check_result;      
  39          extern tByte wire_broken_count;     
  40          extern bit wire_broken_flag;        
  41          extern bit battery_stolen_EN;       
  42          extern tByte battery_stolen_count;
  43          extern bit sensor_3rdalarm_flag;
  44          extern tByte enable_sensor_delay_count;      
  45          extern bit Silence_Flag;
  46          extern tByte key_rotated_on_flag;      
  47          extern tByte IDkey_certificated_times;
  48          extern bit novoice_flag_Poweron;
  49          
  50          /*-----------------------------------------
  51             slave_away_operation()
  52             
  53             operation for slave is away
  54          ------------------------------------------*/
C51 COMPILER V9.51   OPERATION                                                             12/23/2014 11:16:06 PAGE 2   

  55          void slave_away_operation(void)
  56             {
  57   1         // handle with battery status
  58   1         if((Silence_Flag == 0)&&(novoice_flag_Poweron == 0))
  59   1            verifybattery(ADC_check_result);
  60   1         
  61   1         // turn off the magnet 
  62   1         ElecMotor_ACW();
  63   1         
  64   1         if(Silence_Flag == 0)
  65   1            // speech for slave away
  66   1            close_lock_speech(); 
  67   1         
  68   1         // enable_sensor();  
  69   1         enable_sensor_delayEN = 1;
  70   1         enable_sensor_delay_count = 0;
  71   1         // delay time, avoid sensor trigger on.
  72   1         Delay(20);
  73   1         IDkey_certificated_times = 0;
  74   1      
  75   1         if(Silence_Flag == 1)
  76   1            Silence_Flag = 0;
  77   1            
  78   1      
  79   1         }
  80          
  81          /*----------------------------------------------------------------------
  82                slave_nearby_operation()
  83                operation for slave is nearby
  84          ----------------------------------------------------------------------*/
  85          void slave_nearby_operation(void)
  86             {
  87   1      
  88   1          if(Silence_Flag == 0)
  89   1            {
  90   2            // speech for slave nearby
  91   2            open_lock_speech();
  92   2            
  93   2            if(novoice_flag_Poweron == 0)
  94   2               // handle with battery status 
  95   2               verifybattery(ADC_check_result);             
  96   2            // rotate on speech
  97   2            key_rotate_on_speech();    
  98   2            }
  99   1         // flag key rotation status
 100   1         key_rotated_on_flag = 1;
 101   1         novoice_flag_Poweron = 0;
 102   1      
 103   1         }
 104             
 105          /*---------------------------------------------------
 106             end of file
 107          ----------------------------------------------------*/


MODULE INFORMATION:   STATIC OVERLAYABLE
   CODE SIZE        =     76    ----
   CONSTANT SIZE    =   ----    ----
   XDATA SIZE       =   ----    ----
   PDATA SIZE       =   ----    ----
   DATA SIZE        =   ----    ----
   IDATA SIZE       =   ----    ----
C51 COMPILER V9.51   OPERATION                                                             12/23/2014 11:16:06 PAGE 3   

   BIT SIZE         =      1    ----
END OF MODULE INFORMATION.


C51 COMPILATION COMPLETE.  0 WARNING(S),  0 ERROR(S)
