C51 COMPILER V9.51   VOICE                                                                 12/23/2014 11:16:06 PAGE 1   


C51 COMPILER V9.51, COMPILATION OF MODULE VOICE
OBJECT MODULE PLACED IN .\voice.obj
COMPILER INVOKED BY: D:\Program Files (x86)\keil\C51\BIN\C51.EXE ..\Library\voice.c COMPACT BROWSE INCDIR(..\Library) DE
                    -BUG OBJECTEXTEND PRINT(.\voice.lst) TABS(3) OBJECT(.\voice.obj)

line level    source

   1          /*---------------------------------------------------
   2             voice.c (v1.00)
   3             通用语音文件
   4          ---------------------------------------------------*/
   5          
   6          #include "main.h"
   7          #include "port.h"
   8          
   9          #include "voice.h"
  10          #include "Delay.h"
  11          #include "communication.h"
  12          
  13          /*------ private variable --------------------------*/
  14          tByte key_rotate_on_speech_number = 1;    // 循环报两段开机语音
  15          
  16          extern bit flashing_flag;
  17             
  18          /*--------------------------------------------------
  19             SC_Speech()
  20             按段数发送脉冲，即可报第几段语音。
  21          ---------------------------------------------------*/
  22          void SC_Speech(tByte cnt)
  23             {
  24   1         tByte ii;
  25   1         SC_RST = 0;
  26   1      // delay_ms(100);
  27   1         Delay_50ms();
  28   1         SC_RST = 1;
  29   1      // delay_ms(150);
  30   1         Delay_50ms();
  31   1         for(ii=0; ii < cnt; ii++)
  32   1            {
  33   2            SC_DATA = 1; 
  34   2            delay_us(20);
  35   2            SC_DATA = 0; 
  36   2            delay_us(20);
  37   2            }
  38   1         }
  39          
  40          /*-------------------------------------------------
  41             noVoice()
  42             在上电的时候调用，屏蔽语音的误报
  43          --------------------------------------------------*/
  44          void noVoice()
  45             {
  46   1         P14=0;
  47   1         SC_DATA = 0;
  48   1         SC_RST = 0;
  49   1         delay_us(350); 
  50   1         SC_RST = 1;
  51   1         delay_us(350);
  52   1         P14 = 1;
  53   1         }
  54          
C51 COMPILER V9.51   VOICE                                                                 12/23/2014 11:16:06 PAGE 2   

  55          /*----------------------------------------------------
  56             key_rotate_on_speech()
  57             钥匙旋转至ON后，语音提示
  58          -----------------------------------------------------*/
  59          void key_rotate_on_speech(void)
  60             {
  61   1         switch(key_rotate_on_speech_number)
  62   1            {
  63   2            case 1:
  64   2               {
  65   3               voice_EN = 1;
  66   3               SC_Speech(14);  
  67   3               Delay(45);
  68   3               SC_Speech(18);  
  69   3               Delay(50);
  70   3               SC_Speech(11);  
  71   3               Delay(70);
  72   3               voice_EN = 0;
  73   3               key_rotate_on_speech_number = 2;
  74   3               }
  75   2            break;
  76   2            
  77   2            case 2:
  78   2               {
  79   3               voice_EN = 1;
  80   3               SC_Speech(14);  
  81   3               Delay(40);
  82   3               SC_Speech(12);  
  83   3               Delay(60);
  84   3               voice_EN = 0;
  85   3               key_rotate_on_speech_number = 1;       
  86   3               }
  87   2            break;
  88   2            }
  89   1         }
  90             
  91          /*-----------------------------------------------------
  92             key_rotate_off_speech()
  93             钥匙旋转到OFF后，语音提示
  94          void key_rotate_off_speech(void)
  95             {
  96             voice_EN = 1;
  97             SC_Speech(13);
  98             Delay(40);
  99             voice_EN = 0;
 100             }
 101          ------------------------------------------------------*/
 102          
 103          /*----------------------------------------------------
 104             motorBAT_low_speech()
 105             主机电瓶电量低于最小限定值，语音提示电量不足。
 106          -----------------------------------------------------*/
 107          void motorBAT_low_speech(void)
 108             {
 109   1         voice_EN = 1;
 110   1         SC_Speech(6);
 111   1         Delay(80);
 112   1         voice_EN = 0;
 113   1         }
 114          
 115          /*----------------------------------------------------
 116             ID_speech()
C51 COMPILER V9.51   VOICE                                                                 12/23/2014 11:16:06 PAGE 3   

 117             第一次碰主机，会有一句提示语音
 118          --------------------------------------------------------*/
 119          void ID_speech(void)
 120             {
 121   1         voice_EN = 1;
 122   1         SC_Speech(6);  
 123   1         Delay_10ms();
 124   1         Delay_10ms();
 125   1         Delay_10ms();
 126   1         voice_EN = 0;
 127   1         }
 128          
 129          /*----------------------------------------------------
 130             Self_learn_speech()
 131             第一次碰主机，会有一句提示语音
 132          --------------------------------------------------------*/
 133          void Self_learn_speech(void)
 134             {
 135   1         ID_speech();
 136   1         Delay(10);
 137   1         ID_speech();
 138   1         flashing_flag = 0;
 139   1         }
 140          
 141          /*----------------------------------------------------
 142             host_touch_speech()
 143             第一次碰主机，会有一句提示语音
 144          --------------------------------------------------------*/
 145          void host_touch_speech(void)
 146             {
 147   1         voice_EN = 1;
 148   1         SC_Speech(2);  
 149   1         Delay(90);
 150   1         voice_EN = 0;
 151   1         Delay(30);
 152   1         }
 153          
 154          /*-----------------------------------------------------
 155             host_2ndtouch_speech()
 156             第二次触碰主机，再报一个提示语音
 157          -------------------------------------------------------*/
 158          void host_2ndtouch_speech(void)
 159             {
 160   1         voice_EN = 1;
 161   1         SC_Speech(27);  
 162   1         Delay(140);
 163   1         voice_EN = 0;
 164   1      // Delay(10);
 165   1         }
 166             
 167          /*----------------------------------------------------
 168             stolen_alarm_speech()
 169             判断为被盗的时候，发出报警语音第一段
 170          ----------------------------------------------------*/
 171          void stolen_alarm_speech1(void)
 172             {
 173   1         voice_EN = 1;
 174   1         SC_Speech(3); 
 175   1         Delay(180);
 176   1         voice_EN = 0; 
 177   1         }
 178          
C51 COMPILER V9.51   VOICE                                                                 12/23/2014 11:16:06 PAGE 4   

 179          /*----------------------------------------------------
 180             stolen_alarm_speech()
 181             判断为被盗的时候，发出报警语音第二段
 182          ----------------------------------------------------*/
 183           void stolen_alarm_speech2(void)
 184             {
 185   1         voice_EN = 1;
 186   1         SC_Speech(22); 
 187   1         Delay(180);
 188   1         voice_EN = 0;
 189   1         Delay(20);
 190   1         }
 191          
 192          /*----------------------------------------------------
 193             open_lock_speech()
 194             附机在主机附近，通过认证后，语音提示
 195          -----------------------------------------------------*/
 196          void open_lock_speech(void)
 197             {
 198   1         voice_EN=1;
 199   1         SC_Speech(23); 
 200   1         Delay(60);
 201   1         voice_EN=0;
 202   1         }
 203          
 204          /*----------------------------------------------------
 205             close_lock_speech()
 206             判断附机离开，语音提示
 207          -----------------------------------------------------*/
 208          void close_lock_speech(void)
 209             {
 210   1         voice_EN = 1;
 211   1         SC_Speech(24);  
 212   1         Delay(60);
 213   1         SC_Speech(13);
 214   1         Delay(70);
 215   1         voice_EN = 0;
 216   1         }
 217          
 218          /*----------------------------------------------------
 219             battery_stolen_speech()
 220             主机检测到电平不在时，语音提示电平被盗
 221          -----------------------------------------------------*/
 222          void battery_stolen_speech(void)
 223             {
 224   1         voice_EN = 1;
 225   1         SC_Speech(19);  
 226   1         Delay(80);
 227   1         voice_EN = 0;
 228   1         }
 229          
 230          /*----------------------------------------------------
 231             Cutting_Wire_Voice()
 232             有人剪断锁线的时候，播报的语音
 233          -----------------------------------------------------*/
 234          void Cutting_Wire_Voice(void)
 235             {
 236   1         voice_EN = 1;
 237   1         SC_Speech(20);  
 238   1         Delay(120);
 239   1         voice_EN = 0;
 240   1         }
C51 COMPILER V9.51   VOICE                                                                 12/23/2014 11:16:06 PAGE 5   

 241          
 242          /*----------------------------------------------------
 243             Product_Test_Voice()
 244             测试程序中的语音提示
 245          -----------------------------------------------------*/
 246          void Product_Test_Voice(void)
 247             {
 248   1         voice_EN = 1;
 249   1         SC_Speech(19);  
 250   1         Delay(150);
 251   1         voice_EN = 0;
 252   1         }
 253          
 254          /*---------------------------------------------------------------
 255             Battery_low_alarm_speech()
 256             用于附机，当电池电量低于一定值，语音提示
 257          ----------------------------------------------------------------*/
 258          void Battery_low_alarm_speech(void)
 259             {
 260   1         voice_EN = 1;
 261   1         SC_Speech(9);
 262   1         Delay(120);
 263   1         voice_EN = 0;
 264   1         }
 265          
 266          /*---------------------------------------------------------------
 267             Battery_high_alarm_speech()
 268             用于附机，电量高于一定值的时候，语音提示
 269          ----------------------------------------------------------------*/
 270          void Battery_high_alarm_speech(void)
 271             {
 272   1         voice_EN = 1;
 273   1         SC_Speech(14);
 274   1         Delay(120);
 275   1         voice_EN = 0;
 276   1         }
 277          
 278          /*-------------------------------------------------------------
 279             Alarm_stolen_speech()
 280             用于附机，主机被盗报警
 281          ---------------------------------------------------------------*/
 282          void Alarm_stolen_speech(void)
 283             {
 284   1         voice_EN = 1;
 285   1         SC_Speech(4);
 286   1         Delay(150);
 287   1         voice_EN = 0;
 288   1         }
 289             
 290          /*--------------------------------------------------------------
 291             Alarm_raised_speech()
 292             用于附机，主机被抬起报警
 293          ---------------------------------------------------------------*/
 294          void Alarm_raised_speech(void)
 295             {
 296   1         voice_EN = 1;
 297   1         SC_Speech(3);
 298   1         Delay(140);
 299   1         voice_EN = 0;
 300   1         }
 301             
 302          /*--------------------------------------------------------------
C51 COMPILER V9.51   VOICE                                                                 12/23/2014 11:16:06 PAGE 6   

 303             Alarm_fell_speech()
 304             用于附机，主机倒地报警
 305          ----------------------------------------------------------------*/
 306          void Alarm_fell_speech(void)
 307             {
 308   1         voice_EN = 1;
 309   1         SC_Speech(2);
 310   1         Delay(120);
 311   1         voice_EN = 0;
 312   1         }
 313             
 314          /*---------------------------------------------------------------
 315             Host_battery_high_alarm_speech()
 316             用于附机，主机电量充满提示
 317          ---------------------------------------------------------------*/
 318          void Host_battery_high_alarm_speech(void)
 319             {
 320   1         voice_EN = 1;
 321   1         SC_Speech(7);  
 322   1         Delay(80);
 323   1         voice_EN = 0;
 324   1         }
 325          
 326          /*---------------------------------------------------------------
 327             battery_stolen_speech_F3()
 328             用于附机，主机电池被盗报警
 329          ---------------------------------------------------------------*/
 330          void battery_stolen_speech_F3(void)
 331             {
 332   1         voice_EN = 1;
 333   1         SC_Speech(11);  
 334   1         Delay(50);
 335   1         voice_EN = 0;
 336   1         }
 337             
 338          /*---------------------------------------------------------------
 339             wire_broken_speech(void)
 340             用于附机，主机锁线被剪断报警
 341          ----------------------------------------------------------------*/
 342          void wire_broken_speech(void)
 343             {
 344   1         voice_EN = 1;
 345   1         SC_Speech(15);  
 346   1         Delay(50);
 347   1         voice_EN = 0;  
 348   1         }
 349          
 350          /*---------------------------------------------------------------
 351             lock_rotated_on_speech(void)
 352             用于附机，主机锁线被剪断报警
 353          ----------------------------------------------------------------*/
 354          void lock_rotated_on_speech(void)
 355             {
 356   1         voice_EN = 1;
 357   1         SC_Speech(12);  
 358   1         Delay(80);
 359   1         voice_EN = 0;  
 360   1         }
 361          /*---------------------------------------------------------------
 362             lock_rotated_off_speech(void)
 363             用于附机，主机锁线被剪断报警
 364          ----------------------------------------------------------------*/
C51 COMPILER V9.51   VOICE                                                                 12/23/2014 11:16:06 PAGE 7   

 365          void lock_rotated_off_speech(void)
 366             {
 367   1         voice_EN = 1;
 368   1         SC_Speech(13);  
 369   1         Delay(80);
 370   1         voice_EN = 0;  
 371   1         }
 372          
 373          /*---------------------------------------------------
 374             end of file
 375          ----------------------------------------------------*/


MODULE INFORMATION:   STATIC OVERLAYABLE
   CODE SIZE        =    502    ----
   CONSTANT SIZE    =   ----    ----
   XDATA SIZE       =   ----    ----
   PDATA SIZE       =      1       2
   DATA SIZE        =   ----    ----
   IDATA SIZE       =   ----    ----
   BIT SIZE         =   ----    ----
END OF MODULE INFORMATION.


C51 COMPILATION COMPLETE.  0 WARNING(S),  0 ERROR(S)
