C51 COMPILER V9.51   COMMUNICATION                                                         11/11/2014 13:53:28 PAGE 1   


C51 COMPILER V9.51, COMPILATION OF MODULE COMMUNICATION
OBJECT MODULE PLACED IN .\communication.obj
COMPILER INVOKED BY: D:\Program Files (x86)\keil\C51\BIN\C51.EXE ..\Library\communication.c BROWSE INCDIR(..\Library) DE
                    -BUG OBJECTEXTEND PRINT(.\communication.lst) OBJECT(.\communication.obj)

line level    source

   1          /*---------------------------------------------------
   2                  communication.c (v1.00)
   3                  
   4                  通信程序
   5          ---------------------------------------------------*/   
   6          
   7          #include "main.h"
   8          #include "port.h"
   9          
  10          #include "communication.h"
  11          #include "Delay.h"
  12          
  13          /*------ private variable --------------------------*/
  14          tByte myTxRxData[7]={0x00,0x00,0x00,0x00,0x00,0x00,0x00};
  15          
  16          /*------- Public variable declarations --------------------------*/
  17          extern tByte receive_LV_count;          
  18          extern bit receive_wire_flag;           
  19          extern tByte one_receive_byte;          
  20          extern tByte one_receive_byte_count;                    
  21          extern tByte receive_HV_count;          
  22          extern tByte data_count;                                
  23          extern tByte received_data_buffer[7];           
  24          extern bit receive_data_finished_flag;          
  25          
  26          /*----------------------------------------------------
  27                  initsignal()
  28                  
  29                  初始化信号程序，接收机在接接收信号的时候，需要有
  30                  一段代码来使接收机打开，而这一段程序有可能无法识别
  31                  出来，而是相当于废代码，只占用通信时间。
  32          ----------------------------------------------------*/
  33          void initsignal()
  34                  {
  35   1              tByte k,k1;
  36   1              tByte mystartbuffer = 0xaa;
  37   1              for(k1 = 0; k1 < 3; k1++)
  38   1                      {
  39   2                      for(k=0;k<8;k++)
  40   2                              {
  41   3                              if((mystartbuffer&0x80) == 0x80)//为1
  42   3                                      {
  43   4                                      P10=0;
  44   4                                      Custom_Delay(23, 21);
  45   4                                      }
  46   3                              else
  47   3                                      {
  48   4                                      P10=0;
  49   4                                      Custom_Delay(23, 21);
  50   4                                      }
  51   3                              P10=1;
  52   3                              mystartbuffer<<=1;
  53   3                              Custom_Delay(43, 21);
  54   3                              }
C51 COMPILER V9.51   COMMUNICATION                                                         11/11/2014 13:53:28 PAGE 2   

  55   2                      mystartbuffer=0xaa;
  56   2                      Custom_Delay(23, 21);
  57   2                      }
  58   1              P10=1;
  59   1              }
  60          
  61          /*--------------------------------------------------
  62                  Send_Data()
  63                  将数据发送出去
  64          --------------------------------------------------*/
  65          void Send_Data(tByte x)
  66                  {
  67   1              tByte i,n;
  68   1              for(i=0;i<3;i++)
  69   1                      {
  70   2                      for(n=0;n<8;n++)
  71   2                              {
  72   3                              if((myTxRxData[i]&0x80)==0x80)
  73   3                                      {
  74   4                                      P10=0;
  75   4                                      Custom_Delay(36, x);
  76   4                                      }
  77   3                              else
  78   3                                      {
  79   4                                      P10=0;
  80   4                                      Custom_Delay(23, x);
  81   4                                      }
  82   3                              P10=1;
  83   3                              myTxRxData[i]<<=1;
  84   3                              Custom_Delay(15, x);
  85   3                              }
  86   2                      }       
  87   1              }
  88          
  89          /*--------------------------------------------------
  90                  ComMode_Data()
  91                  
  92                  主机接收到编码1信号后，会反馈一个编码1信号给附机
  93                  以表示主机在附机附近。
  94          ---------------------------------------------------*/
  95          void ComMode_Data(tByte ComMode, x)     
  96                  {
  97   1              receiver_EN = 1;
  98   1              Delay(20);
  99   1              transmiter_EN = 0;
 100   1              myTxRxData[0] = CmdHead;
 101   1              myTxRxData[1] = MyAddress;
 102   1              myTxRxData[2] = ComMode;
 103   1      
 104   1              initsignal();
 105   1          Send_Data(x);
 106   1              
 107   1              transmiter_EN = 1;
 108   1              receiver_EN = 0;
 109   1              }
 110          
 111          /*-----------------------------------------------------------------------------
 112                  receive_byte()
 113                  receive a byte program
 114          -----------------------------------------------------------------------------*/
 115          void receive_byte(void)
 116                  {
C51 COMPILER V9.51   COMMUNICATION                                                         11/11/2014 13:53:28 PAGE 3   

 117   1              // P11 constantly HV, if detected a LV, judge it.
 118   1              if(P11 == 0)
 119   1                      {
 120   2                      // count the LV time, if more than 12ms, reset it.
 121   2                      if(++receive_LV_count == 120)
 122   2                              {
 123   3                              receive_LV_count = 0;
 124   3                              }
 125   2                      receive_wire_flag = 0;
 126   2                      }
 127   1              // if P11 return to HV
 128   1              else
 129   1                      {
 130   2                      // and already have LV before, so we think it maybe a bit signal
 131   2                      if(receive_wire_flag == 0)
 132   2                              {
 133   3                              // set the flag, to judge a bit only one time
 134   3                              receive_wire_flag = 1;
 135   3      
 136   3                              // judge the LV time, if 3.5ms < time < 8ms, we think it is a "0". time<3.5ms means a noise.
 137   3                              if((receive_LV_count > 35)&&(receive_LV_count <= 80))   
 138   3                                      {
 139   4                                      // save "0" to one byte
 140   4                                      one_receive_byte <<= 1;
 141   4                                      one_receive_byte &= 0xfe;
 142   4                                      one_receive_byte_count++;
 143   4                                      receive_HV_count = 0;
 144   4                                      }
 145   3                              // time > 8ms, means a "1"
 146   3                              else if((receive_LV_count > 80))
 147   3                                      {
 148   4                                      // save "1" to one byte
 149   4                                      one_receive_byte <<= 1;
 150   4                                      one_receive_byte |= 0x01;
 151   4                                      one_receive_byte_count++;
 152   4                                      receive_HV_count = 0;
 153   4                                      }
 154   3                              
 155   3                              else
 156   3                                      {
 157   4                                      // increase the count for HV
 158   4                                      receive_HV_count++;     
 159   4                                      }
 160   3               // reset LV count
 161   3                              receive_LV_count = 0;
 162   3                              }
 163   2                      else
 164   2                              {
 165   3                              // judge whether HV count > 6ms, if yes, means a restart
 166   3                              if(++receive_HV_count >= 60)
 167   3                                      {
 168   4                                      one_receive_byte_count = 0;
 169   4                                      receive_wire_flag = 1;
 170   4                                      data_count = 0;
 171   4                                      }               
 172   3                              }
 173   2                      }
 174   1              }
 175          
 176          /*-----------------------------------------------------------------------------
 177                  receive_word()
 178                  receive a word program
C51 COMPILER V9.51   COMMUNICATION                                                         11/11/2014 13:53:28 PAGE 4   

 179          -----------------------------------------------------------------------------*/
 180          void receive_word(void)
 181                  {
 182   1              // one byte have 8 bit, once receive a bit, the count increase, once it is 8, it means a byte received.
 183   1              if(one_receive_byte_count == 8)
 184   1                      {
 185   2                      one_receive_byte_count = 0;
 186   2                      // assign one byte to buffer[i] 
 187   2                      received_data_buffer[data_count] = one_receive_byte;
 188   2                      
 189   2                      // judge whether buffer[0] is CmdHead
 190   2                      if((data_count == 0) && (received_data_buffer[0] == CmdHead))
 191   2                              {
 192   3                              data_count = 1;
 193   3                              }
 194   2                      // judge whether buffer[1] is MyAddress
 195   2                      else if((data_count == 1) && (received_data_buffer[1] == MyAddress))
 196   2                              {
 197   3                              data_count = 2;
 198   3                              }
 199   2                      else if(data_count == 2)
 200   2                              {
 201   3                              receive_data_finished_flag = 1;
 202   3                              data_count = 0;
 203   3                              }
 204   2                      else 
 205   2                              {
 206   3                              data_count = 0;
 207   3                              }
 208   2                      }
 209   1              }
 210          
 211          /*--------------------------------------------------
 212                  send_code_to_lock()
 213                  
 214                  将密码发送给锁体。
 215          ---------------------------------------------------*/
 216          void send_code_to_lock(tByte x, y)      
 217          {
 218   1              unsigned char i,n;
 219   1              myTxRxData[0]=CmdHead;
 220   1              myTxRxData[1]=MyAddress;
 221   1              myTxRxData[2]=x;
 222   1      /*      myTxRxData[3]=0x00;
 223   1              myTxRxData[4]=0x00;
 224   1              myTxRxData[5]=0x00;
 225   1              myTxRxData[6]=0x00;
 226   1      */
 227   1              for(i=0;i<3;i++)
 228   1              {
 229   2                      for(n=0;n<8;n++)
 230   2                      {
 231   3                              if((myTxRxData[i]&0x80) == 0x80)//为1
 232   3                              {
 233   4                                      MagentControl_1 = 0;
 234   4                                      Custom_Delay(36, y);
 235   4                              }
 236   3                              else//为0的情况
 237   3                              {
 238   4                                      MagentControl_1 = 0;
 239   4                                      Custom_Delay(23, y);
 240   4                              }
C51 COMPILER V9.51   COMMUNICATION                                                         11/11/2014 13:53:28 PAGE 5   

 241   3                              MagentControl_1 = 1;            //常态为高电平
 242   3                              myTxRxData[i] <<= 1;
 243   3                              Custom_Delay(15, y);
 244   3                      }
 245   2              }
 246   1      }
 247                  
 248          /*---------------------------------------------------
 249                  end of file
 250          ----------------------------------------------------*/


MODULE INFORMATION:   STATIC OVERLAYABLE
   CODE SIZE        =    431    ----
   CONSTANT SIZE    =   ----    ----
   XDATA SIZE       =   ----    ----
   PDATA SIZE       =   ----    ----
   DATA SIZE        =      7      13
   IDATA SIZE       =   ----    ----
   BIT SIZE         =   ----    ----
END OF MODULE INFORMATION.


C51 COMPILATION COMPLETE.  0 WARNING(S),  0 ERROR(S)
